  hollowing_parts.cpp
  transted-hollowing  one.cpp
C:\Program Files (x86)\Windows Kits\10\Include\10.0.19041.0\shared\ntstatus.h(66,1): warning C4005: “STATUS_WAIT_0”: 宏重定义
C:\Program Files (x86)\Windows Kits\10\Include\10.0.19041.0\um\winnt.h(2510): message : 参见“STATUS_WAIT_0”的前一个定义
C:\Program Files (x86)\Windows Kits\10\Include\10.0.19041.0\shared\ntstatus.h(222,1): warning C4005: “STATUS_ABANDONED_WAIT_0”: 宏重定义
C:\Program Files (x86)\Windows Kits\10\Include\10.0.19041.0\um\winnt.h(2511): message : 参见“STATUS_ABANDONED_WAIT_0”的前一个定义
C:\Program Files (x86)\Windows Kits\10\Include\10.0.19041.0\shared\ntstatus.h(245,1): warning C4005: “STATUS_USER_APC”: 宏重定义
C:\Program Files (x86)\Windows Kits\10\Include\10.0.19041.0\um\winnt.h(2512): message : 参见“STATUS_USER_APC”的前一个定义
C:\Program Files (x86)\Windows Kits\10\Include\10.0.19041.0\shared\ntstatus.h(281,1): warning C4005: “STATUS_TIMEOUT”: 宏重定义
C:\Program Files (x86)\Windows Kits\10\Include\10.0.19041.0\um\winnt.h(2513): message : 参见“STATUS_TIMEOUT”的前一个定义
C:\Program Files (x86)\Windows Kits\10\Include\10.0.19041.0\shared\ntstatus.h(290,1): warning C4005: “STATUS_PENDING”: 宏重定义
C:\Program Files (x86)\Windows Kits\10\Include\10.0.19041.0\um\winnt.h(2514): message : 参见“STATUS_PENDING”的前一个定义
C:\Program Files (x86)\Windows Kits\10\Include\10.0.19041.0\shared\ntstatus.h(737,1): warning C4005: “DBG_EXCEPTION_HANDLED”: 宏重定义
C:\Program Files (x86)\Windows Kits\10\Include\10.0.19041.0\um\winnt.h(2515): message : 参见“DBG_EXCEPTION_HANDLED”的前一个定义
C:\Program Files (x86)\Windows Kits\10\Include\10.0.19041.0\shared\ntstatus.h(746,1): warning C4005: “DBG_CONTINUE”: 宏重定义
C:\Program Files (x86)\Windows Kits\10\Include\10.0.19041.0\um\winnt.h(2516): message : 参见“DBG_CONTINUE”的前一个定义
C:\Program Files (x86)\Windows Kits\10\Include\10.0.19041.0\shared\ntstatus.h(821,1): warning C4005: “STATUS_SEGMENT_NOTIFICATION”: 宏重定义
C:\Program Files (x86)\Windows Kits\10\Include\10.0.19041.0\um\winnt.h(2517): message : 参见“STATUS_SEGMENT_NOTIFICATION”的前一个定义
C:\Program Files (x86)\Windows Kits\10\Include\10.0.19041.0\shared\ntstatus.h(984,1): warning C4005: “STATUS_FATAL_APP_EXIT”: 宏重定义
C:\Program Files (x86)\Windows Kits\10\Include\10.0.19041.0\um\winnt.h(2518): message : 参见“STATUS_FATAL_APP_EXIT”的前一个定义
C:\Program Files (x86)\Windows Kits\10\Include\10.0.19041.0\shared\ntstatus.h(1304,1): warning C4005: “DBG_REPLY_LATER”: 宏重定义
C:\Program Files (x86)\Windows Kits\10\Include\10.0.19041.0\um\winnt.h(2519): message : 参见“DBG_REPLY_LATER”的前一个定义
C:\Program Files (x86)\Windows Kits\10\Include\10.0.19041.0\shared\ntstatus.h(1322,1): warning C4005: “DBG_TERMINATE_THREAD”: 宏重定义
C:\Program Files (x86)\Windows Kits\10\Include\10.0.19041.0\um\winnt.h(2520): message : 参见“DBG_TERMINATE_THREAD”的前一个定义
C:\Program Files (x86)\Windows Kits\10\Include\10.0.19041.0\shared\ntstatus.h(1331,1): warning C4005: “DBG_TERMINATE_PROCESS”: 宏重定义
C:\Program Files (x86)\Windows Kits\10\Include\10.0.19041.0\um\winnt.h(2521): message : 参见“DBG_TERMINATE_PROCESS”的前一个定义
C:\Program Files (x86)\Windows Kits\10\Include\10.0.19041.0\shared\ntstatus.h(1340,1): warning C4005: “DBG_CONTROL_C”: 宏重定义
C:\Program Files (x86)\Windows Kits\10\Include\10.0.19041.0\um\winnt.h(2522): message : 参见“DBG_CONTROL_C”的前一个定义
C:\Program Files (x86)\Windows Kits\10\Include\10.0.19041.0\shared\ntstatus.h(1349,1): warning C4005: “DBG_PRINTEXCEPTION_C”: 宏重定义
C:\Program Files (x86)\Windows Kits\10\Include\10.0.19041.0\um\winnt.h(2523): message : 参见“DBG_PRINTEXCEPTION_C”的前一个定义
C:\Program Files (x86)\Windows Kits\10\Include\10.0.19041.0\shared\ntstatus.h(1358,1): warning C4005: “DBG_RIPEXCEPTION”: 宏重定义
C:\Program Files (x86)\Windows Kits\10\Include\10.0.19041.0\um\winnt.h(2524): message : 参见“DBG_RIPEXCEPTION”的前一个定义
C:\Program Files (x86)\Windows Kits\10\Include\10.0.19041.0\shared\ntstatus.h(1367,1): warning C4005: “DBG_CONTROL_BREAK”: 宏重定义
C:\Program Files (x86)\Windows Kits\10\Include\10.0.19041.0\um\winnt.h(2525): message : 参见“DBG_CONTROL_BREAK”的前一个定义
C:\Program Files (x86)\Windows Kits\10\Include\10.0.19041.0\shared\ntstatus.h(1376,1): warning C4005: “DBG_COMMAND_EXCEPTION”: 宏重定义
C:\Program Files (x86)\Windows Kits\10\Include\10.0.19041.0\um\winnt.h(2526): message : 参见“DBG_COMMAND_EXCEPTION”的前一个定义
C:\Program Files (x86)\Windows Kits\10\Include\10.0.19041.0\shared\ntstatus.h(1385,1): warning C4005: “DBG_PRINTEXCEPTION_WIDE_C”: 宏重定义
C:\Program Files (x86)\Windows Kits\10\Include\10.0.19041.0\um\winnt.h(2527): message : 参见“DBG_PRINTEXCEPTION_WIDE_C”的前一个定义
C:\Program Files (x86)\Windows Kits\10\Include\10.0.19041.0\shared\ntstatus.h(1417,1): warning C4005: “STATUS_GUARD_PAGE_VIOLATION”: 宏重定义
C:\Program Files (x86)\Windows Kits\10\Include\10.0.19041.0\um\winnt.h(2528): message : 参见“STATUS_GUARD_PAGE_VIOLATION”的前一个定义
C:\Program Files (x86)\Windows Kits\10\Include\10.0.19041.0\shared\ntstatus.h(1428,1): warning C4005: “STATUS_DATATYPE_MISALIGNMENT”: 宏重定义
C:\Program Files (x86)\Windows Kits\10\Include\10.0.19041.0\um\winnt.h(2529): message : 参见“STATUS_DATATYPE_MISALIGNMENT”的前一个定义
C:\Program Files (x86)\Windows Kits\10\Include\10.0.19041.0\shared\ntstatus.h(1439,1): warning C4005: “STATUS_BREAKPOINT”: 宏重定义
C:\Program Files (x86)\Windows Kits\10\Include\10.0.19041.0\um\winnt.h(2530): message : 参见“STATUS_BREAKPOINT”的前一个定义
C:\Program Files (x86)\Windows Kits\10\Include\10.0.19041.0\shared\ntstatus.h(1450,1): warning C4005: “STATUS_SINGLE_STEP”: 宏重定义
C:\Program Files (x86)\Windows Kits\10\Include\10.0.19041.0\um\winnt.h(2531): message : 参见“STATUS_SINGLE_STEP”的前一个定义
C:\Program Files (x86)\Windows Kits\10\Include\10.0.19041.0\shared\ntstatus.h(1753,1): warning C4005: “STATUS_LONGJUMP”: 宏重定义
C:\Program Files (x86)\Windows Kits\10\Include\10.0.19041.0\um\winnt.h(2532): message : 参见“STATUS_LONGJUMP”的前一个定义
C:\Program Files (x86)\Windows Kits\10\Include\10.0.19041.0\shared\ntstatus.h(1780,1): warning C4005: “STATUS_UNWIND_CONSOLIDATE”: 宏重定义
C:\Program Files (x86)\Windows Kits\10\Include\10.0.19041.0\um\winnt.h(2533): message : 参见“STATUS_UNWIND_CONSOLIDATE”的前一个定义
C:\Program Files (x86)\Windows Kits\10\Include\10.0.19041.0\shared\ntstatus.h(1884,1): warning C4005: “DBG_EXCEPTION_NOT_HANDLED”: 宏重定义
C:\Program Files (x86)\Windows Kits\10\Include\10.0.19041.0\um\winnt.h(2534): message : 参见“DBG_EXCEPTION_NOT_HANDLED”的前一个定义
C:\Program Files (x86)\Windows Kits\10\Include\10.0.19041.0\shared\ntstatus.h(2030,1): warning C4005: “STATUS_ACCESS_VIOLATION”: 宏重定义
C:\Program Files (x86)\Windows Kits\10\Include\10.0.19041.0\um\winnt.h(2535): message : 参见“STATUS_ACCESS_VIOLATION”的前一个定义
C:\Program Files (x86)\Windows Kits\10\Include\10.0.19041.0\shared\ntstatus.h(2039,1): warning C4005: “STATUS_IN_PAGE_ERROR”: 宏重定义
C:\Program Files (x86)\Windows Kits\10\Include\10.0.19041.0\um\winnt.h(2536): message : 参见“STATUS_IN_PAGE_ERROR”的前一个定义
C:\Program Files (x86)\Windows Kits\10\Include\10.0.19041.0\shared\ntstatus.h(2057,1): warning C4005: “STATUS_INVALID_HANDLE”: 宏重定义
C:\Program Files (x86)\Windows Kits\10\Include\10.0.19041.0\um\winnt.h(2537): message : 参见“STATUS_INVALID_HANDLE”的前一个定义
C:\Program Files (x86)\Windows Kits\10\Include\10.0.19041.0\shared\ntstatus.h(2102,1): warning C4005: “STATUS_INVALID_PARAMETER”: 宏重定义
C:\Program Files (x86)\Windows Kits\10\Include\10.0.19041.0\um\winnt.h(2538): message : 参见“STATUS_INVALID_PARAMETER”的前一个定义
C:\Program Files (x86)\Windows Kits\10\Include\10.0.19041.0\shared\ntstatus.h(2202,1): warning C4005: “STATUS_NO_MEMORY”: 宏重定义
C:\Program Files (x86)\Windows Kits\10\Include\10.0.19041.0\um\winnt.h(2539): message : 参见“STATUS_NO_MEMORY”的前一个定义
C:\Program Files (x86)\Windows Kits\10\Include\10.0.19041.0\shared\ntstatus.h(2259,1): warning C4005: “STATUS_ILLEGAL_INSTRUCTION”: 宏重定义
C:\Program Files (x86)\Windows Kits\10\Include\10.0.19041.0\um\winnt.h(2540): message : 参见“STATUS_ILLEGAL_INSTRUCTION”的前一个定义
C:\Program Files (x86)\Windows Kits\10\Include\10.0.19041.0\shared\ntstatus.h(2340,1): warning C4005: “STATUS_NONCONTINUABLE_EXCEPTION”: 宏重定义
C:\Program Files (x86)\Windows Kits\10\Include\10.0.19041.0\um\winnt.h(2541): message : 参见“STATUS_NONCONTINUABLE_EXCEPTION”的前一个定义
C:\Program Files (x86)\Windows Kits\10\Include\10.0.19041.0\shared\ntstatus.h(2349,1): warning C4005: “STATUS_INVALID_DISPOSITION”: 宏重定义
C:\Program Files (x86)\Windows Kits\10\Include\10.0.19041.0\um\winnt.h(2542): message : 参见“STATUS_INVALID_DISPOSITION”的前一个定义
C:\Program Files (x86)\Windows Kits\10\Include\10.0.19041.0\shared\ntstatus.h(3282,1): warning C4005: “STATUS_ARRAY_BOUNDS_EXCEEDED”: 宏重定义
C:\Program Files (x86)\Windows Kits\10\Include\10.0.19041.0\um\winnt.h(2543): message : 参见“STATUS_ARRAY_BOUNDS_EXCEEDED”的前一个定义
C:\Program Files (x86)\Windows Kits\10\Include\10.0.19041.0\shared\ntstatus.h(3292,1): warning C4005: “STATUS_FLOAT_DENORMAL_OPERAND”: 宏重定义
C:\Program Files (x86)\Windows Kits\10\Include\10.0.19041.0\um\winnt.h(2544): message : 参见“STATUS_FLOAT_DENORMAL_OPERAND”的前一个定义
C:\Program Files (x86)\Windows Kits\10\Include\10.0.19041.0\shared\ntstatus.h(3302,1): warning C4005: “STATUS_FLOAT_DIVIDE_BY_ZERO”: 宏重定义
C:\Program Files (x86)\Windows Kits\10\Include\10.0.19041.0\um\winnt.h(2545): message : 参见“STATUS_FLOAT_DIVIDE_BY_ZERO”的前一个定义
C:\Program Files (x86)\Windows Kits\10\Include\10.0.19041.0\shared\ntstatus.h(3312,1): warning C4005: “STATUS_FLOAT_INEXACT_RESULT”: 宏重定义
C:\Program Files (x86)\Windows Kits\10\Include\10.0.19041.0\um\winnt.h(2546): message : 参见“STATUS_FLOAT_INEXACT_RESULT”的前一个定义
C:\Program Files (x86)\Windows Kits\10\Include\10.0.19041.0\shared\ntstatus.h(3322,1): warning C4005: “STATUS_FLOAT_INVALID_OPERATION”: 宏重定义
C:\Program Files (x86)\Windows Kits\10\Include\10.0.19041.0\um\winnt.h(2547): message : 参见“STATUS_FLOAT_INVALID_OPERATION”的前一个定义
C:\Program Files (x86)\Windows Kits\10\Include\10.0.19041.0\shared\ntstatus.h(3332,1): warning C4005: “STATUS_FLOAT_OVERFLOW”: 宏重定义
C:\Program Files (x86)\Windows Kits\10\Include\10.0.19041.0\um\winnt.h(2548): message : 参见“STATUS_FLOAT_OVERFLOW”的前一个定义
C:\Program Files (x86)\Windows Kits\10\Include\10.0.19041.0\shared\ntstatus.h(3342,1): warning C4005: “STATUS_FLOAT_STACK_CHECK”: 宏重定义
C:\Program Files (x86)\Windows Kits\10\Include\10.0.19041.0\um\winnt.h(2549): message : 参见“STATUS_FLOAT_STACK_CHECK”的前一个定义
C:\Program Files (x86)\Windows Kits\10\Include\10.0.19041.0\shared\ntstatus.h(3352,1): warning C4005: “STATUS_FLOAT_UNDERFLOW”: 宏重定义
C:\Program Files (x86)\Windows Kits\10\Include\10.0.19041.0\um\winnt.h(2550): message : 参见“STATUS_FLOAT_UNDERFLOW”的前一个定义
C:\Program Files (x86)\Windows Kits\10\Include\10.0.19041.0\shared\ntstatus.h(3362,1): warning C4005: “STATUS_INTEGER_DIVIDE_BY_ZERO”: 宏重定义
C:\Program Files (x86)\Windows Kits\10\Include\10.0.19041.0\um\winnt.h(2551): message : 参见“STATUS_INTEGER_DIVIDE_BY_ZERO”的前一个定义
C:\Program Files (x86)\Windows Kits\10\Include\10.0.19041.0\shared\ntstatus.h(3372,1): warning C4005: “STATUS_INTEGER_OVERFLOW”: 宏重定义
C:\Program Files (x86)\Windows Kits\10\Include\10.0.19041.0\um\winnt.h(2552): message : 参见“STATUS_INTEGER_OVERFLOW”的前一个定义
C:\Program Files (x86)\Windows Kits\10\Include\10.0.19041.0\shared\ntstatus.h(3382,1): warning C4005: “STATUS_PRIVILEGED_INSTRUCTION”: 宏重定义
C:\Program Files (x86)\Windows Kits\10\Include\10.0.19041.0\um\winnt.h(2553): message : 参见“STATUS_PRIVILEGED_INSTRUCTION”的前一个定义
C:\Program Files (x86)\Windows Kits\10\Include\10.0.19041.0\shared\ntstatus.h(4328,1): warning C4005: “STATUS_STACK_OVERFLOW”: 宏重定义
C:\Program Files (x86)\Windows Kits\10\Include\10.0.19041.0\um\winnt.h(2554): message : 参见“STATUS_STACK_OVERFLOW”的前一个定义
C:\Program Files (x86)\Windows Kits\10\Include\10.0.19041.0\shared\ntstatus.h(4845,1): warning C4005: “STATUS_DLL_NOT_FOUND”: 宏重定义
C:\Program Files (x86)\Windows Kits\10\Include\10.0.19041.0\um\winnt.h(2555): message : 参见“STATUS_DLL_NOT_FOUND”的前一个定义
C:\Program Files (x86)\Windows Kits\10\Include\10.0.19041.0\shared\ntstatus.h(4874,1): warning C4005: “STATUS_ORDINAL_NOT_FOUND”: 宏重定义
C:\Program Files (x86)\Windows Kits\10\Include\10.0.19041.0\um\winnt.h(2556): message : 参见“STATUS_ORDINAL_NOT_FOUND”的前一个定义
C:\Program Files (x86)\Windows Kits\10\Include\10.0.19041.0\shared\ntstatus.h(4884,1): warning C4005: “STATUS_ENTRYPOINT_NOT_FOUND”: 宏重定义
C:\Program Files (x86)\Windows Kits\10\Include\10.0.19041.0\um\winnt.h(2557): message : 参见“STATUS_ENTRYPOINT_NOT_FOUND”的前一个定义
C:\Program Files (x86)\Windows Kits\10\Include\10.0.19041.0\shared\ntstatus.h(4894,1): warning C4005: “STATUS_CONTROL_C_EXIT”: 宏重定义
C:\Program Files (x86)\Windows Kits\10\Include\10.0.19041.0\um\winnt.h(2558): message : 参见“STATUS_CONTROL_C_EXIT”的前一个定义
C:\Program Files (x86)\Windows Kits\10\Include\10.0.19041.0\shared\ntstatus.h(4972,1): warning C4005: “STATUS_DLL_INIT_FAILED”: 宏重定义
C:\Program Files (x86)\Windows Kits\10\Include\10.0.19041.0\um\winnt.h(2559): message : 参见“STATUS_DLL_INIT_FAILED”的前一个定义
C:\Program Files (x86)\Windows Kits\10\Include\10.0.19041.0\shared\ntstatus.h(5969,1): warning C4005: “STATUS_CONTROL_STACK_VIOLATION”: 宏重定义
C:\Program Files (x86)\Windows Kits\10\Include\10.0.19041.0\um\winnt.h(2560): message : 参见“STATUS_CONTROL_STACK_VIOLATION”的前一个定义
C:\Program Files (x86)\Windows Kits\10\Include\10.0.19041.0\shared\ntstatus.h(7527,1): warning C4005: “STATUS_FLOAT_MULTIPLE_FAULTS”: 宏重定义
C:\Program Files (x86)\Windows Kits\10\Include\10.0.19041.0\um\winnt.h(2561): message : 参见“STATUS_FLOAT_MULTIPLE_FAULTS”的前一个定义
C:\Program Files (x86)\Windows Kits\10\Include\10.0.19041.0\shared\ntstatus.h(7537,1): warning C4005: “STATUS_FLOAT_MULTIPLE_TRAPS”: 宏重定义
C:\Program Files (x86)\Windows Kits\10\Include\10.0.19041.0\um\winnt.h(2562): message : 参见“STATUS_FLOAT_MULTIPLE_TRAPS”的前一个定义
C:\Program Files (x86)\Windows Kits\10\Include\10.0.19041.0\shared\ntstatus.h(7669,1): warning C4005: “STATUS_REG_NAT_CONSUMPTION”: 宏重定义
C:\Program Files (x86)\Windows Kits\10\Include\10.0.19041.0\um\winnt.h(2563): message : 参见“STATUS_REG_NAT_CONSUMPTION”的前一个定义
C:\Program Files (x86)\Windows Kits\10\Include\10.0.19041.0\shared\ntstatus.h(8652,1): warning C4005: “STATUS_HEAP_CORRUPTION”: 宏重定义
C:\Program Files (x86)\Windows Kits\10\Include\10.0.19041.0\um\winnt.h(2564): message : 参见“STATUS_HEAP_CORRUPTION”的前一个定义
C:\Program Files (x86)\Windows Kits\10\Include\10.0.19041.0\shared\ntstatus.h(8880,1): warning C4005: “STATUS_STACK_BUFFER_OVERRUN”: 宏重定义
C:\Program Files (x86)\Windows Kits\10\Include\10.0.19041.0\um\winnt.h(2565): message : 参见“STATUS_STACK_BUFFER_OVERRUN”的前一个定义
C:\Program Files (x86)\Windows Kits\10\Include\10.0.19041.0\shared\ntstatus.h(9007,1): warning C4005: “STATUS_INVALID_CRUNTIME_PARAMETER”: 宏重定义
C:\Program Files (x86)\Windows Kits\10\Include\10.0.19041.0\um\winnt.h(2566): message : 参见“STATUS_INVALID_CRUNTIME_PARAMETER”的前一个定义
C:\Program Files (x86)\Windows Kits\10\Include\10.0.19041.0\shared\ntstatus.h(9070,1): warning C4005: “STATUS_ASSERTION_FAILURE”: 宏重定义
C:\Program Files (x86)\Windows Kits\10\Include\10.0.19041.0\um\winnt.h(2567): message : 参见“STATUS_ASSERTION_FAILURE”的前一个定义
C:\Program Files (x86)\Windows Kits\10\Include\10.0.19041.0\shared\ntstatus.h(9988,1): warning C4005: “STATUS_ENCLAVE_VIOLATION”: 宏重定义
C:\Program Files (x86)\Windows Kits\10\Include\10.0.19041.0\um\winnt.h(2568): message : 参见“STATUS_ENCLAVE_VIOLATION”的前一个定义
C:\Program Files (x86)\Windows Kits\10\Include\10.0.19041.0\shared\ntstatus.h(10415,1): warning C4005: “STATUS_INTERRUPTED”: 宏重定义
C:\Program Files (x86)\Windows Kits\10\Include\10.0.19041.0\um\winnt.h(2569): message : 参见“STATUS_INTERRUPTED”的前一个定义
C:\Program Files (x86)\Windows Kits\10\Include\10.0.19041.0\shared\ntstatus.h(10424,1): warning C4005: “STATUS_THREAD_NOT_RUNNING”: 宏重定义
C:\Program Files (x86)\Windows Kits\10\Include\10.0.19041.0\um\winnt.h(2570): message : 参见“STATUS_THREAD_NOT_RUNNING”的前一个定义
C:\Program Files (x86)\Windows Kits\10\Include\10.0.19041.0\shared\ntstatus.h(10718,1): warning C4005: “STATUS_ALREADY_REGISTERED”: 宏重定义
C:\Program Files (x86)\Windows Kits\10\Include\10.0.19041.0\um\winnt.h(2571): message : 参见“STATUS_ALREADY_REGISTERED”的前一个定义
C:\Program Files (x86)\Windows Kits\10\Include\10.0.19041.0\shared\ntstatus.h(14352,1): warning C4005: “STATUS_SXS_EARLY_DEACTIVATION”: 宏重定义
C:\Program Files (x86)\Windows Kits\10\Include\10.0.19041.0\um\winnt.h(2573): message : 参见“STATUS_SXS_EARLY_DEACTIVATION”的前一个定义
C:\Program Files (x86)\Windows Kits\10\Include\10.0.19041.0\shared\ntstatus.h(14361,1): warning C4005: “STATUS_SXS_INVALID_DEACTIVATION”: 宏重定义
C:\Program Files (x86)\Windows Kits\10\Include\10.0.19041.0\um\winnt.h(2574): message : 参见“STATUS_SXS_INVALID_DEACTIVATION”的前一个定义
  正在生成代码...
transted-hollowing  one.obj : error LNK2019: 无法解析的外部符号 _CreateTransaction@28，函数 _wmain 中引用了该符号
transted-hollowing  one.obj : error LNK2019: 无法解析的外部符号 _RollbackTransaction@4，函数 _wmain 中引用了该符号
transted-hollowing  one.obj : error LNK2019: 无法解析的外部符号 __imp__NtCreateSection@28，函数 _wmain 中引用了该符号
transted-hollowing  one.obj : error LNK2019: 无法解析的外部符号 __imp__NtMapViewOfSection@40，函数 _wmain 中引用了该符号
D:\vs\repos\transted-hollowing  one\Debug\transted-hollowing  one.exe : fatal error LNK1120: 4 个无法解析的外部命令
